<?xml version="1.0" encoding="UTF-8"?>
<testng-results ignored="0" total="1" passed="1" failed="0" skipped="0">
  <reporter-output>
  </reporter-output>
  <suite started-at="2022-10-07T19:14:21 IST" name="Default suite" finished-at="2022-10-07T19:14:52 IST" duration-ms="30951">
    <groups>
    </groups>
    <test started-at="2022-10-07T19:14:21 IST" name="Default test" finished-at="2022-10-07T19:14:52 IST" duration-ms="30951">
      <class name="phase5.Testautomate">
        <test-method is-config="true" signature="beforeMethod()[pri:0, instance:phase5.Testautomate@14555e0a]" started-at="2022-10-07T19:14:21 IST" name="beforeMethod" finished-at="2022-10-07T19:14:33 IST" duration-ms="12475" status="PASS">
          <reporter-output>
          </reporter-output>
        </test-method> <!-- beforeMethod -->
        <test-method signature="Registeration()[pri:0, instance:phase5.Testautomate@14555e0a]" started-at="2022-10-07T19:14:33 IST" name="Registeration" finished-at="2022-10-07T19:14:51 IST" duration-ms="17986" status="PASS">
          <reporter-output>
          </reporter-output>
        </test-method> <!-- Registeration -->
        <test-method is-config="true" signature="afterMethod()[pri:0, instance:phase5.Testautomate@14555e0a]" started-at="2022-10-07T19:14:51 IST" name="afterMethod" finished-at="2022-10-07T19:14:52 IST" duration-ms="446" status="PASS">
          <reporter-output>
          </reporter-output>
        </test-method> <!-- afterMethod -->
      </class> <!-- phase5.Testautomate -->
    </test> <!-- Default test -->
  </suite> <!-- Default suite -->
</testng-results>
